<?xml version="1.0" encoding="UTF-8"?>
<!-- Generated by org.testng.reporters.JUnitReportReporter -->
<testsuite skipped="1" hostname="DESKTOP-1KMUPCO" name="org.testng.Sample2" tests="10" failures="0" timestamp="09 Mar 2023 03:45:15 GMT" time="0.128" errors="0">
  <testcase name="tc1" time="0.047" classname="org.testng.Sample2"/>
  <testcase name="tc4" time="0.016" classname="org.testng.Sample2"/>
  <testcase name="tc7" time="0.000" classname="org.testng.Sample2"/>
  <testcase name="tc4" time="0.000" classname="org.testng.Sample2"/>
  <testcase name="tc6" time="0.016" classname="org.testng.Sample2"/>
  <testcase name="tc8" time="0.012" classname="org.testng.Sample2"/>
  <testcase name="tc4" time="0.016" classname="org.testng.Sample2"/>
  <testcase name="tc10" time="0.016" classname="org.testng.Sample2"/>
  <testcase name="tc5" time="0.005" classname="org.testng.Sample2"/>
  <testcase name="tc3" classname="org.testng.Sample2">
    <skipped/>
  </testcase> <!-- tc3 -->
</testsuite> <!-- org.testng.Sample2 -->
