<?xml version="1.0" encoding="UTF-8"?>
<!-- Generated by org.testng.reporters.JUnitReportReporter -->
<testsuite skipped="0" hostname="DESKTOP-1KMUPCO" name="org.testng.ParameterPassing" tests="1" failures="0" timestamp="11 Mar 2023 05:43:52 GMT" time="6.067" errors="0">
  <testcase name="tc1" time="6.067" classname="org.testng.ParameterPassing"/>
</testsuite> <!-- org.testng.ParameterPassing -->
