<?xml version="1.0" encoding="UTF-8"?>
<!-- Generated by org.testng.reporters.JUnitReportReporter -->
<testsuite skipped="0" hostname="DESKTOP-1KMUPCO" name="org.testng.Annot" tests="1" failures="0" timestamp="17 Mar 2023 03:55:56 GMT" time="0.047" errors="0">
  <testcase name="tc1" time="0.047" classname="org.testng.Annot"/>
</testsuite> <!-- org.testng.Annot -->
