<?xml version="1.0" encoding="UTF-8"?>
<!-- Generated by org.testng.reporters.JUnitReportReporter -->
<testsuite skipped="0" hostname="DESKTOP-1KMUPCO" name="org.testng.Parallel2" tests="3" failures="0" timestamp="17 Mar 2023 03:38:50 GMT" time="0.031" errors="0">
  <testcase name="tc4" time="0.031" classname="org.testng.Parallel2"/>
  <testcase name="tc5" time="0.000" classname="org.testng.Parallel2"/>
  <testcase name="tc6" time="0.000" classname="org.testng.Parallel2"/>
</testsuite> <!-- org.testng.Parallel2 -->
