<?xml version="1.0" encoding="UTF-8"?>
<!-- Generated by org.testng.reporters.JUnitReportReporter -->
<testsuite skipped="0" hostname="DESKTOP-1KMUPCO" name="org.testng.Parallel1" tests="3" failures="0" timestamp="17 Mar 2023 03:38:50 GMT" time="0.032" errors="0">
  <testcase name="tc3" time="0.016" classname="org.testng.Parallel1"/>
  <testcase name="tc2" time="0.000" classname="org.testng.Parallel1"/>
  <testcase name="tc1" time="0.016" classname="org.testng.Parallel1"/>
</testsuite> <!-- org.testng.Parallel1 -->
