<?xml version="1.0" encoding="UTF-8"?>
<!-- Generated by org.testng.reporters.JUnitReportReporter -->
<testsuite skipped="0" hostname="DESKTOP-1KMUPCO" name="org.testng.G2" tests="2" failures="0" timestamp="17 Mar 2023 03:22:28 GMT" time="0.063" errors="0">
  <testcase name="tc6" time="0.015" classname="org.testng.G2"/>
  <testcase name="tc4" time="0.048" classname="org.testng.G2"/>
</testsuite> <!-- org.testng.G2 -->
