<?xml version="1.0" encoding="UTF-8"?>
<!-- Generated by org.testng.reporters.JUnitReportReporter -->
<testsuite skipped="0" hostname="DESKTOP-1KMUPCO" name="org.testng.C" tests="3" failures="0" timestamp="11 Mar 2023 02:24:46 GMT" time="0.031" errors="0">
  <testcase name="tc7" time="0.000" classname="org.testng.C"/>
  <testcase name="tc8" time="0.016" classname="org.testng.C"/>
  <testcase name="tc10" time="0.015" classname="org.testng.C"/>
</testsuite> <!-- org.testng.C -->
