<?xml version="1.0" encoding="UTF-8"?>
<!-- Generated by org.testng.reporters.JUnitReportReporter -->
<testsuite skipped="0" hostname="DESKTOP-1KMUPCO" name="org.testng.G1" tests="2" failures="0" timestamp="17 Mar 2023 03:22:28 GMT" time="0.062" errors="0">
  <testcase name="tc5" time="0.000" classname="org.testng.G1"/>
  <testcase name="tc1" time="0.062" classname="org.testng.G1"/>
</testsuite> <!-- org.testng.G1 -->
