<?xml version="1.0" encoding="UTF-8"?>
<!-- Generated by org.testng.reporters.JUnitReportReporter -->
<testsuite skipped="0" hostname="DESKTOP-1KMUPCO" name="org.testng.AdatinTask" tests="1" failures="0" timestamp="16 Mar 2023 16:41:29 GMT" time="21.171" errors="0">
  <testcase name="tc1" time="21.171" classname="org.testng.AdatinTask"/>
</testsuite> <!-- org.testng.AdatinTask -->
