<?xml version="1.0" encoding="UTF-8"?>
<!-- Generated by org.testng.reporters.JUnitReportReporter -->
<testsuite skipped="0" hostname="DESKTOP-1KMUPCO" name="org.testng.G3" tests="1" failures="0" timestamp="17 Mar 2023 03:22:28 GMT" time="0.047" errors="0">
  <testcase name="tc8" time="0.047" classname="org.testng.G3"/>
</testsuite> <!-- org.testng.G3 -->
