<?xml version="1.0" encoding="UTF-8"?>
<!-- Generated by org.testng.reporters.JUnitReportReporter -->
<testsuite skipped="1" hostname="DESKTOP-1KMUPCO" name="org.testng.A" tests="2" failures="0" timestamp="11 Mar 2023 02:24:46 GMT" time="0.047" errors="0">
  <testcase name="tc1" time="0.047" classname="org.testng.A"/>
  <testcase name="tc3" classname="org.testng.A">
    <skipped/>
  </testcase> <!-- tc3 -->
</testsuite> <!-- org.testng.A -->
