<?xml version="1.0" encoding="UTF-8"?>
<!-- Generated by org.testng.reporters.JUnitReportReporter -->
<testsuite skipped="0" hostname="DESKTOP-1KMUPCO" name="org.testng.B" tests="5" failures="0" timestamp="11 Mar 2023 02:24:46 GMT" time="0.095" errors="0">
  <testcase name="tc4" time="0.016" classname="org.testng.B"/>
  <testcase name="tc4" time="0.031" classname="org.testng.B"/>
  <testcase name="tc4" time="0.016" classname="org.testng.B"/>
  <testcase name="tc6" time="0.016" classname="org.testng.B"/>
  <testcase name="tc5" time="0.016" classname="org.testng.B"/>
</testsuite> <!-- org.testng.B -->
